# JRE version: OpenJDK Runtime Environment (11.0.15) (build 11.0.15+0-b2043.56-9505619)
# Java VM: OpenJDK 64-Bit Server VM (11.0.15+0-b2043.56-9505619, mixed mode, tiered, compressed oops, g1 gc, windows-amd64)
Heap:
 garbage-first heap   total 257024K, used 203977K [0x0000000080000000, 0x0000000100000000)
  region size 1024K, 33 young (33792K), 4 survivors (4096K)
 Metaspace       used 94963K, capacity 97670K, committed 97744K, reserved 1134592K
  class space    used 12398K, capacity 13410K, committed 13440K, reserved 1048576K
GC Heap History (20 events):
Event: 33.285 GC heap before
{Heap before GC invocations=75 (full 0):
 garbage-first heap   total 214016K, used 181332K [0x0000000080000000, 0x0000000100000000)
  region size 1024K, 13 young (13312K), 2 survivors (2048K)
 Metaspace       used 81751K, capacity 83967K, committed 84048K, reserved 1122304K
  class space    used 10690K, capacity 11509K, committed 11520K, reserved 1048576K
}
Event: 33.288 GC heap after
{Heap after GC invocations=76 (full 0):
 garbage-first heap   total 214016K, used 170022K [0x0000000080000000, 0x0000000100000000)
  region size 1024K, 1 young (1024K), 1 survivors (1024K)
 Metaspace       used 81751K, capacity 83967K, committed 84048K, reserved 1122304K
  class space    used 10690K, capacity 11509K, committed 11520K, reserved 1048576K
}
Event: 33.364 GC heap before
{Heap before GC invocations=76 (full 0):
 garbage-first heap   total 214016K, used 182310K [0x0000000080000000, 0x0000000100000000)
  region size 1024K, 13 young (13312K), 1 survivors (1024K)
 Metaspace       used 82157K, capacity 84325K, committed 84432K, reserved 1122304K
  class space    used 10732K, capacity 11543K, committed 11648K, reserved 1048576K
}
Event: 33.366 GC heap after
{Heap after GC invocations=77 (full 0):
 garbage-first heap   total 214016K, used 170309K [0x0000000080000000, 0x0000000100000000)
  region size 1024K, 1 young (1024K), 1 survivors (1024K)
 Metaspace       used 82157K, capacity 84325K, committed 84432K, reserved 1122304K
  class space    used 10732K, capacity 11543K, committed 11648K, reserved 1048576K
}
Event: 33.427 GC heap before
{Heap before GC invocations=78 (full 0):
 garbage-first heap   total 214016K, used 183621K [0x0000000080000000, 0x0000000100000000)
  region size 1024K, 14 young (14336K), 1 survivors (1024K)
 Metaspace       used 82481K, capacity 84654K, committed 84944K, reserved 1122304K
  class space    used 10783K, capacity 11610K, committed 11648K, reserved 1048576K
}
Event: 33.430 GC heap after
{Heap after GC invocations=79 (full 0):
 garbage-first heap   total 214016K, used 170717K [0x0000000080000000, 0x0000000100000000)
  region size 1024K, 2 young (2048K), 2 survivors (2048K)
 Metaspace       used 82481K, capacity 84654K, committed 84944K, reserved 1122304K
  class space    used 10783K, capacity 11610K, committed 11648K, reserved 1048576K
}
Event: 33.854 GC heap before
{Heap before GC invocations=79 (full 0):
 garbage-first heap   total 214016K, used 184029K [0x0000000080000000, 0x0000000100000000)
  region size 1024K, 15 young (15360K), 2 survivors (2048K)
 Metaspace       used 82646K, capacity 84868K, committed 84944K, reserved 1122304K
  class space    used 10790K, capacity 11611K, committed 11648K, reserved 1048576K
}
Event: 33.859 GC heap after
{Heap after GC invocations=80 (full 0):
 garbage-first heap   total 214016K, used 171161K [0x0000000080000000, 0x0000000100000000)
  region size 1024K, 2 young (2048K), 2 survivors (2048K)
 Metaspace       used 82646K, capacity 84868K, committed 84944K, reserved 1122304K
  class space    used 10790K, capacity 11611K, committed 11648K, reserved 1048576K
}
Event: 34.174 GC heap before
{Heap before GC invocations=81 (full 0):
 garbage-first heap   total 214016K, used 183449K [0x0000000080000000, 0x0000000100000000)
  region size 1024K, 15 young (15360K), 2 survivors (2048K)
 Metaspace       used 83312K, capacity 85693K, committed 85840K, reserved 1124352K
  class space    used 10871K, capacity 11753K, committed 11776K, reserved 1048576K
}
Event: 34.180 GC heap after
{Heap after GC invocations=82 (full 0):
 garbage-first heap   total 214016K, used 171671K [0x0000000080000000, 0x0000000100000000)
  region size 1024K, 2 young (2048K), 2 survivors (2048K)
 Metaspace       used 83312K, capacity 85693K, committed 85840K, reserved 1124352K
  class space    used 10871K, capacity 11753K, committed 11776K, reserved 1048576K
}
Event: 34.345 GC heap before
{Heap before GC invocations=82 (full 0):
 garbage-first heap   total 214016K, used 178839K [0x0000000080000000, 0x0000000100000000)
  region size 1024K, 11 young (11264K), 2 survivors (2048K)
 Metaspace       used 83872K, capacity 86308K, committed 86480K, reserved 1124352K
  class space    used 10923K, capacity 11850K, committed 11904K, reserved 1048576K
}
Event: 34.350 GC heap after
{Heap after GC invocations=83 (full 0):
 garbage-first heap   total 214016K, used 172629K [0x0000000080000000, 0x0000000100000000)
  region size 1024K, 2 young (2048K), 2 survivors (2048K)
 Metaspace       used 83872K, capacity 86308K, committed 86480K, reserved 1124352K
  class space    used 10923K, capacity 11850K, committed 11904K, reserved 1048576K
}
Event: 34.757 GC heap before
{Heap before GC invocations=84 (full 0):
 garbage-first heap   total 214016K, used 184917K [0x0000000080000000, 0x0000000100000000)
  region size 1024K, 14 young (14336K), 2 survivors (2048K)
 Metaspace       used 85602K, capacity 88112K, committed 88400K, reserved 1126400K
  class space    used 11072K, capacity 11982K, committed 12032K, reserved 1048576K
}
Event: 34.760 GC heap after
{Heap after GC invocations=85 (full 0):
 garbage-first heap   total 214016K, used 172356K [0x0000000080000000, 0x0000000100000000)
  region size 1024K, 1 young (1024K), 1 survivors (1024K)
 Metaspace       used 85602K, capacity 88112K, committed 88400K, reserved 1126400K
  class space    used 11072K, capacity 11982K, committed 12032K, reserved 1048576K
}
Event: 35.166 GC heap before
{Heap before GC invocations=85 (full 0):
 garbage-first heap   total 214016K, used 185668K [0x0000000080000000, 0x0000000100000000)
  region size 1024K, 14 young (14336K), 1 survivors (1024K)
 Metaspace       used 87189K, capacity 89670K, committed 89936K, reserved 1126400K
  class space    used 11293K, capacity 12179K, committed 12288K, reserved 1048576K
}
Event: 35.174 GC heap after
{Heap after GC invocations=86 (full 0):
 garbage-first heap   total 214016K, used 172657K [0x0000000080000000, 0x0000000100000000)
  region size 1024K, 2 young (2048K), 2 survivors (2048K)
 Metaspace       used 87189K, capacity 89670K, committed 89936K, reserved 1126400K
  class space    used 11293K, capacity 12179K, committed 12288K, reserved 1048576K
}
Event: 37.220 GC heap before
{Heap before GC invocations=87 (full 0):
 garbage-first heap   total 214016K, used 185969K [0x0000000080000000, 0x0000000100000000)
  region size 1024K, 15 young (15360K), 2 survivors (2048K)
 Metaspace       used 88452K, capacity 90984K, committed 91216K, reserved 1128448K
  class space    used 11503K, capacity 12417K, committed 12544K, reserved 1048576K
}
Event: 37.225 GC heap after
{Heap after GC invocations=88 (full 0):
 garbage-first heap   total 257024K, used 173275K [0x0000000080000000, 0x0000000100000000)
  region size 1024K, 2 young (2048K), 2 survivors (2048K)
 Metaspace       used 88452K, capacity 90984K, committed 91216K, reserved 1128448K
  class space    used 11503K, capacity 12417K, committed 12544K, reserved 1048576K
}
Event: 38.867 GC heap before
{Heap before GC invocations=88 (full 0):
 garbage-first heap   total 257024K, used 207067K [0x0000000080000000, 0x0000000100000000)
  region size 1024K, 35 young (35840K), 2 survivors (2048K)
 Metaspace       used 92454K, capacity 94994K, committed 95312K, reserved 1132544K
  class space    used 12019K, capacity 12951K, committed 13056K, reserved 1048576K
}
Event: 38.874 GC heap after
{Heap after GC invocations=89 (full 0):
 garbage-first heap   total 257024K, used 175305K [0x0000000080000000, 0x0000000100000000)
  region size 1024K, 4 young (4096K), 4 survivors (4096K)
 Metaspace       used 92454K, capacity 94994K, committed 95312K, reserved 1132544K
  class space    used 12019K, capacity 12951K, committed 13056K, reserved 1048576K
}

